
no group found for (????) [001/369] - "PRO_EVOLUTION_SOCCER_2_PAL_READNFO_PSX-SIGNUM.exe" (1/1) (one of alt.binaries.deutsch, alt.binaries.dvd.erotica, alt.binaries.dvd.music, alt.binaries.erotica.collections.rars, alt.binaries.erotica.teen.female, alt.binaries.mac.applications are missing)
imported /home/jonnyboy/nzbs/batch/WWE Legends Of Wrestlemania RF USA XBOX360-XorCist-1-2-3.nzb
imported /home/jonnyboy/nzbs/batch/WWE Legends Of Wrestlemania RF USA XBOX360-XorCist-1-2.nzb
imported /home/jonnyboy/nzbs/batch/WWE Legends Of Wrestlemania RF USA XBOX360-XorCist.nzb
imported /home/jonnyboy/nzbs/batch/WWE Legends of WrestleMania EUR JB PS3-ABSTRAKT.nzb
imported /home/jonnyboy/nzbs/batch/WWE SmackDown Vs RAW 2010 RF XBOX360 REPACK-PROTOCOL-1-2.nzb
imported /home/jonnyboy/nzbs/batch/WWE SmackDown Vs RAW 2010 RF XBOX360 REPACK-PROTOCOL.nzb
imported /home/jonnyboy/nzbs/batch/WWE SmackDown vs RAW 2007 PAL XBOX360-SPARE.nzb
imported /home/jonnyboy/nzbs/batch/WWE SmackDown vs RAW 2008 PAL MULTi5 Wii-BAHAMUT-1.nzb
imported /home/jonnyboy/nzbs/batch/WWE SmackDown vs RAW 2008 PAL MULTi5 Wii-BAHAMUT.nzb
imported /home/jonnyboy/nzbs/batch/WWE SmackDown vs RAW 2008 PAL XBOX360-SPARE-1.nzb
imported /home/jonnyboy/nzbs/batch/WWE SmackDown vs RAW 2008 PAL XBOX360-SPARE.nzb
imported /home/jonnyboy/nzbs/batch/WWE SmackDown vs RAW 2010 USA RF XBOX360-PROTOCOL.nzb
imported /home/jonnyboy/nzbs/batch/WWE SmackDown vs Raw 2009-PAL-XBOX360-DAGGER-1-2-3.nzb
imported /home/jonnyboy/nzbs/batch/WWE Smackdown Vs Raw 2008 USA Wii-VORTEX.nzb
imported /home/jonnyboy/nzbs/batch/WWE Smackdown vs Raw 09 USA Wii-VORTEX.nzb
imported /home/jonnyboy/nzbs/batch/WWE Smackdown vs Raw 09 USA XBOX360-VORTEX.nzb
imported /home/jonnyboy/nzbs/batch/WWE.12.XBOX360-SWAG-1-2-3-4-5.nzb
imported /home/jonnyboy/nzbs/batch/WWE.12.XBOX360-SWAG-1-2-3-4.nzb
imported /home/jonnyboy/nzbs/batch/WWE.12.XBOX360-SWAG-1-2-3.nzb
imported /home/jonnyboy/nzbs/batch/WWE.12.XBOX360-SWAG-1.nzb
imported /home/jonnyboy/nzbs/batch/WWE.All-Stars.nzb
imported /home/jonnyboy/nzbs/batch/WWE.All.Stars.XBOX360-MARVEL-1.nzb
imported /home/jonnyboy/nzbs/batch/WWE.Best.Pay.Per-View.Matches.2011.DVDRip.x264-NWCHD.nzb
imported /home/jonnyboy/nzbs/batch/WWE.Breaking.Point.2009.PPV.720p.HDTV.x264-KYR.nzb
imported /home/jonnyboy/nzbs/batch/WWE.Capital.Punishment.2011.PPV.720p.HDTV.x264-KYR.nzb
imported /home/jonnyboy/nzbs/batch/WWE.Extreme.Rules.2010.PPV.720p.HDTV.x264-KYR.nzb
imported /home/jonnyboy/nzbs/batch/WWE.Hell.in.a.Cell.2010.720p.HDTV.x264-KYR.nzb
imported /home/jonnyboy/nzbs/batch/WWE.John.Morrison.Rock.Star.DVD5.nzb
imported /home/jonnyboy/nzbs/batch/WWE.Legends.of.Wrestlemania.PAL.XBOX360-GLoBAL.nzb
imported /home/jonnyboy/nzbs/batch/WWE.Money.in.the.Bank.2010.PPV.720p.HDTV.x264-KYR.nzb
imported /home/jonnyboy/nzbs/batch/WWE.Night.of.Champions.2010.PPV.720p.HDTV.x264-KYR.nzb
imported /home/jonnyboy/nzbs/batch/WWE.Over.The.Limit.2010.PPV.720p.HDTV.x264-KYR.nzb
imported /home/jonnyboy/nzbs/batch/WWE.Royal.Rumble.2008.NTSC.DVD9-WTO.nzb
imported /home/jonnyboy/nzbs/batch/WWE.Royal.Rumble.2011.1080p.BluRay.x264-SEMTEX-1.nzb
imported /home/jonnyboy/nzbs/batch/WWE.Royal.Rumble.2011.1080p.BluRay.x264-SEMTEX.nzb
imported /home/jonnyboy/nzbs/batch/WWE.Royal.Rumble.2012.720p.HDTV.x264-RUDOS.nzb
imported /home/jonnyboy/nzbs/batch/WWE.SmackDown.vs.RAW.2008.NTSC.XBOX360-APATHY.nzb
imported /home/jonnyboy/nzbs/batch/WWE.SmackDown.vs.Raw.2009.PAL.WII-1.nzb
imported /home/jonnyboy/nzbs/batch/WWE.SmackDown.vs.Raw.2009.PAL.WII-SUSHi.nzb
imported /home/jonnyboy/nzbs/batch/WWE.SmackDown.vs.Raw.2009.PAL.WII.nzb
imported /home/jonnyboy/nzbs/batch/WWE.SmackDown.vs.Raw.2010.PAL.WII-SUSHi-1-2.nzb
imported /home/jonnyboy/nzbs/batch/WWE.SmackDown.vs.Raw.2011.EUR.JB.PS3-ATAX.nzb
imported /home/jonnyboy/nzbs/batch/WWE.SmackDown.vs.Raw.2011.XBOX360-GLoBAL-1.nzb
imported /home/jonnyboy/nzbs/batch/WWE.Smackdown.vs.RAW.2008.NTSC.XBOX360-APATHY.nzb
imported /home/jonnyboy/nzbs/batch/WWE.SummerSlam.2009.720p.HDTV.x264-WRESTLiNGBAY.nzb
imported /home/jonnyboy/nzbs/batch/WWE.SummerSlam.2010.1080p.BluRay.x264-aAF.nzb
imported /home/jonnyboy/nzbs/batch/WWE.Summerslam.2010.PPV.720p.HDTV.x264-KYR.nzb
imported /home/jonnyboy/nzbs/batch/WWE.Survivor.Series.2010.PPV.720p.HDTV.x264-KYR.nzb
imported /home/jonnyboy/nzbs/batch/WWE.The.Best.Of.King.Of.The.Ring.2011.DVDRip.x264-RUDOS.nzb
imported /home/jonnyboy/nzbs/batch/WWE.The.Rise.And.Fall.Of.WCW.2009.DVDRip.XviD-WRESTLiNGBAY.nzb
imported /home/jonnyboy/nzbs/batch/WWE.Wrestlemania.25.PPV.720p.HDTV.x264-KYR.nzb
imported /home/jonnyboy/nzbs/batch/WWE.Wrestlemania.28.1080p.HDTV.x264-RUDOS.nzb
imported /home/jonnyboy/nzbs/batch/WWE.Wrestlemania.XXVI.720p.HDTV.x264-WB.nzb
imported /home/jonnyboy/nzbs/batch/WWII Aces USA WII-ZRY.nzb
imported /home/jonnyboy/nzbs/batch/WWW.NZBROYALTY.COM - 100 Hits Legends Albums Collection.nzb
imported /home/jonnyboy/nzbs/batch/WWW.NZBROYALTY.COM - Adobe CS5 Master Collection.nzb
imported /home/jonnyboy/nzbs/batch/WWW.NZBROYALTY.COM - Grandmaster Album Collection 1  pw.nzb
imported /home/jonnyboy/nzbs/batch/WWW.NZBROYALTY.COM - Grandmaster Album Collection 2  pw.nzb
imported /home/jonnyboy/nzbs/batch/WWW.NZBROYALTY.COM - Hallmark Card Studio.2011.DELUXE-DVTiSO.nzb
imported /home/jonnyboy/nzbs/batch/WWW.NZBROYALTY.COM - New Releases Mp3s Week 04 2011.nzb
imported /home/jonnyboy/nzbs/batch/WWW.NZBROYALTY.COM - New Releases Mp3s Week 05 2011.nzb
imported /home/jonnyboy/nzbs/batch/WWW.NZBROYALTY.COM - Now.Music.Collection.5  pw.nzb
imported /home/jonnyboy/nzbs/batch/WWW.NZBROYALTY.COM - PWD Bonkers Complete Collection.nzb
imported /home/jonnyboy/nzbs/batch/WWW.NZBROYALTY.COM - Windows 7 OEM x86  x64 48 In 1.nzb
imported /home/jonnyboy/nzbs/batch/WWW.NZBROYALTY.COM PASSWORD - Euphoria Album Collection 1.nzb
imported /home/jonnyboy/nzbs/batch/WWW.NZBROYALTY.COM Passwd - Bravo Hits Volume 3.nzb
imported /home/jonnyboy/nzbs/batch/WWW.NZBROYALTY.COM-1-2.nzb
imported /home/jonnyboy/nzbs/batch/WWW.UNITED-FORUMS-1.nzb
imported /home/jonnyboy/nzbs/batch/WWW.UNITED-FORUMS.nzb
imported /home/jonnyboy/nzbs/batch/Wacky.Races.Crash.And.Dash.PAL.Wii-Allstars.nzb
imported /home/jonnyboy/nzbs/batch/Wacky.Races.Crash.And.Dash.USA-WII.nzb
imported /home/jonnyboy/nzbs/batch/Wagner - De Fliegende Hollnder-DVDrip.nzb
imported /home/jonnyboy/nzbs/batch/Wailing Asteroid The.nzb
imported /home/jonnyboy/nzbs/batch/Waist.Deep-Bis.zum.Hals.2006.German.DTS.DL.1080p.BluRay.AVC.Remux-HDS.nzb
imported /home/jonnyboy/nzbs/batch/Waldo.nzb
imported /home/jonnyboy/nzbs/batch/Walk to Remember A - Nicholas Sparks.nzb
imported /home/jonnyboy/nzbs/batch/Walker Shiloh - Make me believe lit.nzb
imported /home/jonnyboy/nzbs/batch/Wall E USA PROPER Wii-OneUp-1.nzb
imported /home/jonnyboy/nzbs/batch/Wall E USA PROPER Wii-OneUp.nzb
imported /home/jonnyboy/nzbs/batch/Wall Tiling-1-2.nzb
imported /home/jonnyboy/nzbs/batch/Wall Tiling-1.nzb
imported /home/jonnyboy/nzbs/batch/Wall-E PAL WII-ZRY.nzb
imported /home/jonnyboy/nzbs/batch/Wall-E.PAL.GERMAN.XBOX360-SWAG-1.nzb
imported /home/jonnyboy/nzbs/batch/Wall-E.PAL.GERMAN.XBOX360-SWAG.nzb
imported /home/jonnyboy/nzbs/batch/Wallpapering Techniques-1-2.nzb
imported /home/jonnyboy/nzbs/batch/Walter S. Tevis - Mockingbird.nzb
imported /home/jonnyboy/nzbs/batch/Walther P22 Semi Automatic Pistol REPOST-1.nzb
imported /home/jonnyboy/nzbs/batch/Walther P22 Semi Automatic Pistol-1.nzb
imported /home/jonnyboy/nzbs/batch/Walther P22 Semi Automatic Pistol.nzb
imported /home/jonnyboy/nzbs/batch/Want to Play - P.J. Tracy.nzb
imported /home/jonnyboy/nzbs/batch/Wanted Weapons Of Fate EUR JB PS3-PSIIIJB.nzb
imported /home/jonnyboy/nzbs/batch/Wanted Weapons of Fate RF XBOX360-SuperX360-1-2-3.nzb
imported /home/jonnyboy/nzbs/batch/Wanted Weapons of Fate RF XBOX360-SuperX360-1.nzb
imported /home/jonnyboy/nzbs/batch/Wanted Weapons of Fate RF XBOX360-SuperX360.nzb
imported /home/jonnyboy/nzbs/batch/Wanted.Weapons.of.Fate-XBOX360.nzb
imported /home/jonnyboy/nzbs/batch/Wanted.Weapons.of.Fate.RF.Xbox360.nzb
imported /home/jonnyboy/nzbs/batch/War with the Robots.nzb
imported /home/jonnyboy/nzbs/batch/Warhammer 40000  Dawn of War II   Chaos Rising 2010.nzb
imported /home/jonnyboy/nzbs/batch/Warhammer 40000 Dawn Of War II Chaos Rising-Razor1911.nzb
imported /home/jonnyboy/nzbs/batch/Warhammer 40000 Space Marine READNFO XGD3 0800 USA RF-XBOX360-RRoD-1-2-3.nzb
Processed 100 nzbs in 65 second(s)
no group found for (????) [001/369] - "PRO_EVOLUTION_SOCCER_2_PAL_READNFO_PSX-SIGNUM.exe" (1/1) (one of alt.binaries.deutsch, alt.binaries.dvd.erotica, alt.binaries.dvd.music, alt.binaries.erotica.collections.rars, alt.binaries.erotica.teen.female, alt.binaries.mac.applications are missing)
imported /home/jonnyboy/nzbs/batch/Watchmen The End Is Nigh XBOX360-SPARE.nzb
imported /home/jonnyboy/nzbs/batch/Waterproof Your Roof-1-2.nzb
imported /home/jonnyboy/nzbs/batch/Waters Edge The - Karin Fossum.nzb
imported /home/jonnyboy/nzbs/batch/Waters Sarah - Tipping the Velvettxt.nzb
imported /home/jonnyboy/nzbs/batch/Watts Alan - The Joyous Cosmology.nzb
imported /home/jonnyboy/nzbs/batch/Wavetable Synthesis MIDI REPOST-1.nzb
imported /home/jonnyboy/nzbs/batch/Wavetable Synthesis MIDI REPOST.nzb
imported /home/jonnyboy/nzbs/batch/Wavetable Synthesis MIDI WW REPOST-1-2.nzb
imported /home/jonnyboy/nzbs/batch/Wavetable Synthesis MIDI WW REPOST-1.nzb
imported /home/jonnyboy/nzbs/batch/Wavetable Synthesis MIDI WW REPOST.nzb
imported /home/jonnyboy/nzbs/batch/Wavetable Synthesis MIDI WW.nzb
imported /home/jonnyboy/nzbs/batch/Way Of The Samurai 3 USA XBOX360 REPACK-PROTOCOL-1.nzb
imported /home/jonnyboy/nzbs/batch/Way Of The Samurai 3 USA XBOX360 REPACK-PROTOCOL.nzb
imported /home/jonnyboy/nzbs/batch/Way of the Spirit The - H. Rider Haggard.nzb
imported /home/jonnyboy/nzbs/batch/Way.of.the.Samurai.3.PAL.XBOX360-SWAG.nzb
imported /home/jonnyboy/nzbs/batch/We Are All Welcome Here - Elizabeth Berg.nzb
imported /home/jonnyboy/nzbs/batch/We Bought a Zoo - Benjamin Mee.nzb
imported /home/jonnyboy/nzbs/batch/We Cheer USA Wii-VORTEX.nzb
imported /home/jonnyboy/nzbs/batch/We Have Fed Our Sea.nzb
imported /home/jonnyboy/nzbs/batch/We Love Game Golf USA WII-VORTEX.nzb
imported /home/jonnyboy/nzbs/batch/We.Ski.USA-WII-1-2-3.nzb
imported /home/jonnyboy/nzbs/batch/We.Ski.USA-WII-1-2.nzb
imported /home/jonnyboy/nzbs/batch/Weapon Shops of Isher.nzb
imported /home/jonnyboy/nzbs/batch/Weapons Shop The UC.nzb
imported /home/jonnyboy/nzbs/batch/Web page design in 7 days.nzb
imported /home/jonnyboy/nzbs/batch/Webmaster Business Guide REPOST.nzb
imported /home/jonnyboy/nzbs/batch/Wedding The - Nicholas Sparks.nzb
imported /home/jonnyboy/nzbs/batch/Wee Free Men The - Terry Pratchett.nzb
imported /home/jonnyboy/nzbs/batch/Weeds S3D1.nzb
imported /home/jonnyboy/nzbs/batch/Weeks Lee - Jacht.nzb
imported /home/jonnyboy/nzbs/batch/Weeks Lee - Trophy Taker.nzb
imported /home/jonnyboy/nzbs/batch/Wege.ins.Gras.zu.beissen-Staffel.nzb
imported /home/jonnyboy/nzbs/batch/Weir Alison - Traitors of the Tower html.nzb
imported /home/jonnyboy/nzbs/batch/Welding - Build A Welding Vice REPOST-1.nzb
imported /home/jonnyboy/nzbs/batch/Welding - Build A Welding Vice WW.nzb
imported /home/jonnyboy/nzbs/batch/Welding - Build A Welding Vice.nzb
imported /home/jonnyboy/nzbs/batch/Welding - Build Welding Cart REPOST-1.nzb
imported /home/jonnyboy/nzbs/batch/Welding - Build Welding Cart REPOST.nzb
imported /home/jonnyboy/nzbs/batch/Welding - Build Welding Cart WW.nzb
imported /home/jonnyboy/nzbs/batch/Welding - Build Welding Cart.nzb
imported /home/jonnyboy/nzbs/batch/Welding - Underwater Welding Basics.nzb
imported /home/jonnyboy/nzbs/batch/Welding - Welding Plastics REPOST-1-2.nzb
imported /home/jonnyboy/nzbs/batch/Welding - Welding Plastics REPOST-1.nzb
imported /home/jonnyboy/nzbs/batch/Welding - Welding Plastics WW REPOST-1.nzb
imported /home/jonnyboy/nzbs/batch/Welding - Welding Plastics WW REPOST.nzb
imported /home/jonnyboy/nzbs/batch/Welding - Welding Plastics WW.nzb
imported /home/jonnyboy/nzbs/batch/Well and the Mine The - Gin Phillips.nzb
imported /home/jonnyboy/nzbs/batch/Weller WTCPL Tech Sheet REPOST-1.nzb
imported /home/jonnyboy/nzbs/batch/Weller WTCPL Tech Sheet WW REPOST-1.nzb
imported /home/jonnyboy/nzbs/batch/Weller WTCPL Tech Sheet WW REPOST.nzb
imported /home/jonnyboy/nzbs/batch/Weller WTCPL Tech Sheet WW.nzb
imported /home/jonnyboy/nzbs/batch/Weller WTCPN Tech Sheet REPOST-1.nzb
imported /home/jonnyboy/nzbs/batch/Weller WTCPN Tech Sheet WW REPOST-1.nzb
imported /home/jonnyboy/nzbs/batch/Weller WTCPN Tech Sheet WW.nzb
imported /home/jonnyboy/nzbs/batch/Wells H.G - Dr Moreau.nzb
imported /home/jonnyboy/nzbs/batch/Wells H.GThe Invisible Man.nzb
imported /home/jonnyboy/nzbs/batch/Wells H.GThe Time Machine.nzb
imported /home/jonnyboy/nzbs/batch/Westlake Donald E - Jimmy the Kid.nzb
imported /home/jonnyboy/nzbs/batch/Westlake Donald E - Smoke.nzb
imported /home/jonnyboy/nzbs/batch/Westlake Donald E - The Hook.nzb
imported /home/jonnyboy/nzbs/batch/Westlife Complete Discography 1998 - 2010.nzb
imported /home/jonnyboy/nzbs/batch/Wexford 11 - Put on by Cunning.nzb
imported /home/jonnyboy/nzbs/batch/Weyr Search v1.1.nzb
imported /home/jonnyboy/nzbs/batch/Wheelman PAL XBOX360-REV0-1-2-3-4-5.nzb
imported /home/jonnyboy/nzbs/batch/Wheelman PAL XBOX360-REV0-1-2-3-4.nzb
imported /home/jonnyboy/nzbs/batch/Wheelman PAL XBOX360-REV0-1-2-3.nzb
imported /home/jonnyboy/nzbs/batch/Wheelman PAL XBOX360-REV0-1.nzb
imported /home/jonnyboy/nzbs/batch/Wheelman PAL XBOX360-REV0.nzb
imported /home/jonnyboy/nzbs/batch/Wheelman.USA.XBOX360.iNT-dumpTruck.nzb
imported /home/jonnyboy/nzbs/batch/When Darkness Comes - Alexandra Ivy-1.nzb
imported /home/jonnyboy/nzbs/batch/When Last I Died - Gladys Mitchell.nzb
imported /home/jonnyboy/nzbs/batch/When Light Breaks - Patti Callahan Henry.nzb
imported /home/jonnyboy/nzbs/batch/When No Man Pursueth - Spider Robinson.nzb
imported /home/jonnyboy/nzbs/batch/When She Was Bad - Jonathan Nasaw.nzb
imported /home/jonnyboy/nzbs/batch/When Twilight Comes - B. J. Daniels.nzb
imported /home/jonnyboy/nzbs/batch/When the Old Gods Die.nzb
imported /home/jonnyboy/nzbs/batch/When to Play.nzb
imported /home/jonnyboy/nzbs/batch/Where The Wild Things Are PAL WII-REV0.nzb
imported /home/jonnyboy/nzbs/batch/Where The Wild Things Are XBOX360-SPARE-1-2.nzb
imported /home/jonnyboy/nzbs/batch/Where The Wild Things Are XBOX360-SPARE-1.nzb
imported /home/jonnyboy/nzbs/batch/Where the God of Love Hangs Out - Amy Bloom.nzb
imported /home/jonnyboy/nzbs/batch/WhereTheWildThingsArePALWII-REV0.nzb
imported /home/jonnyboy/nzbs/batch/White Lion 2010 3D Half-SBS 1080p Blu-ray DD5.1 x264-HighSpeed.uploads3DT.nzb
imported /home/jonnyboy/nzbs/batch/White Lion 3D Half-SBS.nzb
imported /home/jonnyboy/nzbs/batch/White Neil - Fallen Idols.nzb
imported /home/jonnyboy/nzbs/batch/White Steve - Demons Gate-1.nzb
imported /home/jonnyboy/nzbs/batch/White.Knight.Chronicles.EUR.JB.PS3-ATAX.nzb
imported /home/jonnyboy/nzbs/batch/White.Knight.Chronicles.USA.JB.PS3-dumpTruck.nzb
imported /home/jonnyboy/nzbs/batch/Whitesnake   1979 - 2011.nzb
imported /home/jonnyboy/nzbs/batch/Whitesnake - Discography 1978-2011.nzb
imported /home/jonnyboy/nzbs/batch/Who Is Mark Twain  - Mark Twain.nzb
imported /home/jonnyboy/nzbs/batch/Who Moved My Cheese.nzb
imported /home/jonnyboy/nzbs/batch/Who Wants To Be a Millionaire USA XBOX360-SPARE-1.nzb
imported /home/jonnyboy/nzbs/batch/Who Wants To Be a Millionaire USA XBOX360-SPARE.nzb
imported /home/jonnyboy/nzbs/batch/Why We Trade.nzb
imported /home/jonnyboy/nzbs/batch/Wicked Appetite - Janet Evanovich-1-2.nzb
imported /home/jonnyboy/nzbs/batch/Wicked Appetite - Janet Evanovich-1.nzb
imported /home/jonnyboy/nzbs/batch/Wicked Intentions - Elizabeth Hoyt.nzb
imported /home/jonnyboy/nzbs/batch/Wickedreaction.Ws-Team-1-2-3-4-5-6-7-8-9-10-11-12-13-14-15-16-17.nzb
imported /home/jonnyboy/nzbs/batch/Wickedreaction.Ws-Team-1-2-3-4-5-6-7-8-9-10-11-12-13-14-15.nzb
Processed 100 nzbs in 26 second(s)
no group found for (????) [001/369] - "PRO_EVOLUTION_SOCCER_2_PAL_READNFO_PSX-SIGNUM.exe" (1/1) (one of alt.binaries.deutsch, alt.binaries.dvd.erotica, alt.binaries.dvd.music, alt.binaries.erotica.collections.rars, alt.binaries.erotica.teen.female, alt.binaries.mac.applications are missing)
imported /home/jonnyboy/nzbs/batch/Wickedreaction.Ws-Team-1-2-3-4-5-6-7-8-9-10-11-12.nzb
imported /home/jonnyboy/nzbs/batch/Wickedreaction.Ws-Team-1-2-3-4-5-6-7-8-9-10-11.nzb
imported /home/jonnyboy/nzbs/batch/Wickedreaction.Ws-Team-1-2-3-4-5-6-7-8-9-10.nzb
imported /home/jonnyboy/nzbs/batch/Wickedreaction.Ws-Team-1-2-3-4-5-6-7.nzb
imported /home/jonnyboy/nzbs/batch/Wickedreaction.Ws-Team-1-2-3-4-5-6.nzb
imported /home/jonnyboy/nzbs/batch/Wickedreaction.Ws-Team.nzb
imported /home/jonnyboy/nzbs/batch/Widow - Michelle Latiolais.nzb
imported /home/jonnyboy/nzbs/batch/Wife for Hire - Janet Evanovich.nzb
imported /home/jonnyboy/nzbs/batch/Wigan Pier Pack 5 - NZBROYALTY.COM  PW.nzb
imported /home/jonnyboy/nzbs/batch/Wii Chess PAL Wii-WiiZARD-1.nzb
imported /home/jonnyboy/nzbs/batch/Wii Fit KOR Wii-iND-1.nzb
imported /home/jonnyboy/nzbs/batch/Wii Fit KOR Wii-iND.nzb
imported /home/jonnyboy/nzbs/batch/Wii Fit Plus USA Wii-QwiiF.nzb
imported /home/jonnyboy/nzbs/batch/Wii Fit USA Wii-VORTEX-1-2-3-4.nzb
imported /home/jonnyboy/nzbs/batch/Wii Fit USA Wii-VORTEX-1-2-3.nzb
imported /home/jonnyboy/nzbs/batch/Wii Music Wii-PROMiNENT-1.nzb
imported /home/jonnyboy/nzbs/batch/Wii Music-PAL-WII-NAGGERS-1.nzb
imported /home/jonnyboy/nzbs/batch/Wii Party PAL WII-iCON-1.nzb
imported /home/jonnyboy/nzbs/batch/Wii Party USA Wii-PLAYME-1-2-3.nzb
imported /home/jonnyboy/nzbs/batch/Wii Play USA WII-SYNDiCATE-1-2-3-4-5-6.nzb
imported /home/jonnyboy/nzbs/batch/Wii Play USA WII-SYNDiCATE-1.nzb
imported /home/jonnyboy/nzbs/batch/Wii Remocon Plus Variety JPN Wii-JPMORGAN.nzb
imported /home/jonnyboy/nzbs/batch/Wii Sports KOR WII-SQ.nzb
imported /home/jonnyboy/nzbs/batch/Wii Sports PAL PROPER Wii-USELESS-1-2-3.nzb
imported /home/jonnyboy/nzbs/batch/Wii Sports PAL PROPER Wii-USELESS.nzb
imported /home/jonnyboy/nzbs/batch/Wii Sports Resort PAL MULTi5 PROPER Wii-SUNSHiNE.nzb
imported /home/jonnyboy/nzbs/batch/Wii Sports USA Wii-PARADOX-1-2.nzb
imported /home/jonnyboy/nzbs/batch/Wii Sports USA Wii-PARADOX-1.nzb
imported /home/jonnyboy/nzbs/batch/Wii Sports with WiiMote Jacket USA READNFO Wii-DiPLODOCUS-1-2-3-4-5-6-7.nzb
imported /home/jonnyboy/nzbs/batch/Wii Sports with WiiMote Jacket USA READNFO Wii-DiPLODOCUS-1-2-3-4-5-6.nzb
imported /home/jonnyboy/nzbs/batch/Wii Sports with WiiMote Jacket USA READNFO Wii-DiPLODOCUS-1-2-3-4-5.nzb
imported /home/jonnyboy/nzbs/batch/Wii Sports with WiiMote Jacket USA READNFO Wii-DiPLODOCUS-1.nzb
imported /home/jonnyboy/nzbs/batch/Wii Sports.nzb
imported /home/jonnyboy/nzbs/batch/Wii de Asobu Mario Tennis GC JPN Wii-Caravan-1-2.nzb
imported /home/jonnyboy/nzbs/batch/Wii.Fit.PAL.WII-AMBITION.nzb
imported /home/jonnyboy/nzbs/batch/Wii.Rawdump.V0.3-IND.nzb
imported /home/jonnyboy/nzbs/batch/WiiFit READNFO JAP WII-TMD.nzb
imported /home/jonnyboy/nzbs/batch/WiiPartyPALWII-iCON-1.nzb
imported /home/jonnyboy/nzbs/batch/WiiRemoconPlusVarietyJPNWii-JPMORGAN.nzb
imported /home/jonnyboy/nzbs/batch/WiiSportsUSAWii-PARADOX.nzb
imported /home/jonnyboy/nzbs/batch/WiiSportswithWiiMoteJacketUSAREADNFOWii-DiPLODOCUS.nzb
imported /home/jonnyboy/nzbs/batch/Wiigame GTI Club World City Race Wii Ntsc-J.nzb
imported /home/jonnyboy/nzbs/batch/Wiigame Kororinpa Wii Pal.nzb
imported /home/jonnyboy/nzbs/batch/Wiigame Mario Party 8 Pal Wii.nzb
imported /home/jonnyboy/nzbs/batch/Wiigame Need For Speed Carbon Wii Pall.nzb
imported /home/jonnyboy/nzbs/batch/Wild Ginger - Anchee Min.nzb
imported /home/jonnyboy/nzbs/batch/Wild Ocean 3D 1080p DTS-HD MA Half-SbS - THD.nzb
imported /home/jonnyboy/nzbs/batch/Wild Town.nzb
imported /home/jonnyboy/nzbs/batch/Wild.Earth.African.Safari.PAL.WII-SUSHi.nzb
imported /home/jonnyboy/nzbs/batch/Wild.Earth.African.Safari.USA.Wii-APATHY-1-2.nzb
imported /home/jonnyboy/nzbs/batch/WildflowersWildflowers 04 - Cat.nzb
imported /home/jonnyboy/nzbs/batch/Wildrose-2continue.org-1.nzb
imported /home/jonnyboy/nzbs/batch/Wiley CIA Exam Review Focus Notes.nzb
imported /home/jonnyboy/nzbs/batch/Wilks Eileen - Only Human LoverBeware-1.nzb
imported /home/jonnyboy/nzbs/batch/Wilks Eileen - Only Human LoverBeware.nzb
imported /home/jonnyboy/nzbs/batch/Wilks Eileen - World of the Lupi 03b - Inhuman.nzb
imported /home/jonnyboy/nzbs/batch/Will Power - A. J. Hartley.nzb
imported /home/jonnyboy/nzbs/batch/Willeford Charles - Honey Gal.nzb
imported /home/jonnyboy/nzbs/batch/Willeford Charles - The Woman Chaser.nzb
imported /home/jonnyboy/nzbs/batch/Willeford Charles - Whip Hand.nzb
imported /home/jonnyboy/nzbs/batch/William Gibson - Burning Ch.nzb
imported /home/jonnyboy/nzbs/batch/William Gibson - Burning Chrome.nzb
imported /home/jonnyboy/nzbs/batch/William Shakespeare - 1595.nzb
imported /home/jonnyboy/nzbs/batch/William Shakespeare - Cymbeline.nzb
imported /home/jonnyboy/nzbs/batch/William Shakespeare - Hamlet.nzb
imported /home/jonnyboy/nzbs/batch/William Shakespeare - Julius Caesar.nzb
imported /home/jonnyboy/nzbs/batch/William Shakespeare - King Lear.nzb
imported /home/jonnyboy/nzbs/batch/William Shakespeare - MacBeth.nzb
imported /home/jonnyboy/nzbs/batch/William Shakespeare - Romeo and Juliet.nzb
imported /home/jonnyboy/nzbs/batch/William Shakespeare - Tempest The.nzb
imported /home/jonnyboy/nzbs/batch/William Shakespeare - The Tempest.nzb
imported /home/jonnyboy/nzbs/batch/William Shakespeare - five comedies.nzb
imported /home/jonnyboy/nzbs/batch/William Shakespeare - five tradedies.nzb
imported /home/jonnyboy/nzbs/batch/William Shakespeare - the sonnets.nzb
imported /home/jonnyboy/nzbs/batch/William Shakespeare - twelfth night.nzb
imported /home/jonnyboy/nzbs/batch/William Tenn - The Ionian Cycle.nzb
imported /home/jonnyboy/nzbs/batch/Willows The.nzb
imported /home/jonnyboy/nzbs/batch/Wilmar H. Shiras - In Hiding.nzb
imported /home/jonnyboy/nzbs/batch/Win 7 48in1 EN X86 X64NZB-MAGIC REPOST.nzb
imported /home/jonnyboy/nzbs/batch/Windows 7 AIO sp 1.nzb
imported /home/jonnyboy/nzbs/batch/Windows Command Line.nzb
imported /home/jonnyboy/nzbs/batch/Windows XP Keyboard.nzb
imported /home/jonnyboy/nzbs/batch/Windows-7-MUI.nzb
imported /home/jonnyboy/nzbs/batch/Windows.7.Ultimate x64 18 03 12 TRIBAL.nzb
imported /home/jonnyboy/nzbs/batch/Windows.Registry.Guide REPOST.nzb
imported /home/jonnyboy/nzbs/batch/Windows7 Tips 2ndEd REPOST.nzb
imported /home/jonnyboy/nzbs/batch/Windows7 Tips 2ndEd-1.nzb
imported /home/jonnyboy/nzbs/batch/Wing Island JPN Wii-Caravan.nzb
imported /home/jonnyboy/nzbs/batch/Wing Island USA Wii-QwiiF.nzb
imported /home/jonnyboy/nzbs/batch/Wing.Island.PAL.MULTI5.Wii-SPLiT-1.nzb
imported /home/jonnyboy/nzbs/batch/Wings - Aprilynne Pike.nzb
imported /home/jonnyboy/nzbs/batch/Wings of Omen - Robert Asprin.nzb
imported /home/jonnyboy/nzbs/batch/Wings.of.Prey.Collectors.Edition-PROPHET.nzb
imported /home/jonnyboy/nzbs/batch/WinkleJ.-Thoughts On Bonsai Wiring 2007.nzb
imported /home/jonnyboy/nzbs/batch/Winning Eleven 2011 JPN XBOX360-Caravan.nzb
imported /home/jonnyboy/nzbs/batch/Winning Eleven Playmaker 2009 JAP WII-SQUARE.nzb
imported /home/jonnyboy/nzbs/batch/Winning Eleven Pro Soccer 2007 NTSC XBOX360-PLEX.nzb
imported /home/jonnyboy/nzbs/batch/Winning Post World 2010 JAP XBOX360-KFC.nzb
imported /home/jonnyboy/nzbs/batch/Winslow Don - California Fire and Life v1.0 html.nzb
imported /home/jonnyboy/nzbs/batch/Winslow Don - Slave Girls of Rome v1 html jpg.nzb
Processed 100 nzbs in 52 second(s)